<?xml version="1.0" encoding="utf-8"?><testsuites name="pytest tests"><testsuite name="pytest" errors="0" failures="0" skipped="0" tests="13" time="3.198" timestamp="2026-01-20T08:21:05.531546+00:00" hostname="agent-env-f0df0988-9fab-4ef0-b050-5409ce8f1e31"><testcase classname="tests.test_referral_system.TestReferralSystem" name="test_01_health_check" time="0.055" /><testcase classname="tests.test_referral_system.TestReferralSystem" name="test_02_login_referrer" time="0.265" /><testcase classname="tests.test_referral_system.TestReferralSystem" name="test_03_get_referrer_referral_details" time="0.278" /><testcase classname="tests.test_referral_system.TestReferralSystem" name="test_04_signup_with_invalid_referral_code" time="0.037" /><testcase classname="tests.test_referral_system.TestReferralSystem" name="test_05_signup_with_valid_referral_code" time="0.492" /><testcase classname="tests.test_referral_system.TestReferralSystem" name="test_06_verify_referral_count_incremented" time="0.316" /><testcase classname="tests.test_referral_system.TestReferralSystem" name="test_07_login_referred_user" time="0.262" /><testcase classname="tests.test_referral_system.TestReferralSystem" name="test_08_full_referral_flow" time="0.522" /><testcase classname="tests.test_referral_system.TestReferralDetailsAPI" name="test_referral_details_requires_auth" time="0.035" /><testcase classname="tests.test_referral_system.TestReferralDetailsAPI" name="test_referral_details_response_structure" time="0.276" /><testcase classname="tests.test_referral_system.TestSignupWithReferral" name="test_signup_without_referral" time="0.265" /><testcase classname="tests.test_referral_system.TestSignupWithReferral" name="test_signup_with_empty_referral" time="0.302" /><testcase classname="tests.test_referral_system.TestSignupWithReferral" name="test_signup_duplicate_username" time="0.039" /></testsuite></testsuites>