<?xml version="1.0" encoding="utf-8"?><testsuites name="pytest tests"><testsuite name="pytest" errors="0" failures="0" skipped="0" tests="27" time="3.778" timestamp="2026-01-17T11:03:23.495994+00:00" hostname="agent-env-7acfb2a1-dad3-4b00-8872-12fa3be3f861"><testcase classname="tests.test_production_hardening.TestHealthEndpoint" name="test_health_returns_200" time="0.098" /><testcase classname="tests.test_production_hardening.TestHealthEndpoint" name="test_health_returns_healthy_status" time="0.039" /><testcase classname="tests.test_production_hardening.TestHealthEndpoint" name="test_health_has_correlation_id_header" time="0.040" /><testcase classname="tests.test_production_hardening.TestHealthEndpoint" name="test_health_response_structure" time="0.035" /><testcase classname="tests.test_production_hardening.TestLoginEndpoint" name="test_login_success_returns_token" time="0.265" /><testcase classname="tests.test_production_hardening.TestLoginEndpoint" name="test_login_has_correlation_id_header" time="0.261" /><testcase classname="tests.test_production_hardening.TestLoginEndpoint" name="test_login_invalid_credentials_returns_401" time="0.039" /><testcase classname="tests.test_production_hardening.TestLoginEndpoint" name="test_login_response_structure" time="0.265" /><testcase classname="tests.test_production_hardening.TestCorrelationIDFlow" name="test_custom_correlation_id_preserved" time="0.038" /><testcase classname="tests.test_production_hardening.TestCorrelationIDFlow" name="test_correlation_id_generated_if_not_provided" time="0.036" /><testcase classname="tests.test_production_hardening.TestGamesAvailableAuthentication" name="test_games_available_without_auth_returns_401" time="0.038" /><testcase classname="tests.test_production_hardening.TestGamesAvailableAuthentication" name="test_games_available_with_auth_returns_200" time="0.294" /><testcase classname="tests.test_production_hardening.TestGamesAvailableAuthentication" name="test_games_available_response_structure" time="0.302" /><testcase classname="tests.test_production_hardening.TestGamesAvailableAuthentication" name="test_games_available_has_correlation_id" time="0.333" /><testcase classname="tests.test_production_hardening.TestErrorResponses" name="test_auth_error_has_error_code" time="0.036" /><testcase classname="tests.test_production_hardening.TestErrorResponses" name="test_validation_error_format" time="0.037" /><testcase classname="tests.test_production_hardening.TestErrorResponses" name="test_not_found_error_format" time="0.298" /><testcase classname="tests.test_production_hardening.TestSafeErrorResponses" name="test_error_response_no_stack_trace" time="0.035" /><testcase classname="tests.test_production_hardening.TestSafeErrorResponses" name="test_error_response_has_message" time="0.038" /><testcase classname="tests.test_production_hardening.TestExceptionHandlerErrorCodes" name="test_error_code_format_e1xxx_auth" time="0.039" /><testcase classname="tests.test_production_hardening.TestExceptionHandlerErrorCodes" name="test_unauthorized_access_returns_401" time="0.036" /><testcase classname="tests.test_production_hardening.TestAPIRootEndpoints" name="test_root_endpoint_returns_html" time="0.039" /><testcase classname="tests.test_production_hardening.TestAPIRootEndpoints" name="test_api_root_endpoint" time="0.036" /><testcase classname="tests.test_production_hardening.TestTokenValidation" name="test_validate_token_with_valid_token" time="0.333" /><testcase classname="tests.test_production_hardening.TestTokenValidation" name="test_validate_token_with_invalid_token" time="0.076" /><testcase classname="tests.test_production_hardening.TestClientLogin" name="test_client_login_success" time="0.261" /><testcase classname="tests.test_production_hardening.TestClientLogin" name="test_client_can_access_games" time="0.343" /></testsuite></testsuites>